The system is: Linux - 5.12.1-1038.native - x86_64
Compiling the CXX compiler identification source file "CMakeCXXCompilerId.cpp" succeeded.
Compiler: /usr/bin/clang++ 
Build flags: 
Id flags:  

The output was:
0


Compilation of the CXX compiler identification source "CMakeCXXCompilerId.cpp" produced "a.out"

The CXX compiler identification is Clang, found in "/builddir/.config/build-untitled-Desktop_Clang-Debug/CMakeFiles/3.20.2/CompilerIdCXX/a.out"

Detecting CXX compiler ABI info compiled with the following output:
Change Dir: /builddir/.config/build-untitled-Desktop_Clang-Debug/CMakeFiles/CMakeTmp

Run Build Command(s):/usr/bin/gmake -f Makefile cmTC_464a4/fast && /usr/bin/gmake  -f CMakeFiles/cmTC_464a4.dir/build.make CMakeFiles/cmTC_464a4.dir/build
gmake[1]: Entering directory '/builddir/.config/build-untitled-Desktop_Clang-Debug/CMakeFiles/CMakeTmp'
Building CXX object CMakeFiles/cmTC_464a4.dir/CMakeCXXCompilerABI.cpp.o
/usr/bin/clang++   -v -MD -MT CMakeFiles/cmTC_464a4.dir/CMakeCXXCompilerABI.cpp.o -MF CMakeFiles/cmTC_464a4.dir/CMakeCXXCompilerABI.cpp.o.d -o CMakeFiles/cmTC_464a4.dir/CMakeCXXCompilerABI.cpp.o -c /usr/share/cmake-3.20/Modules/CMakeCXXCompilerABI.cpp
clang version 12.0.1
Target: x86_64-generic-linux
Thread model: posix
InstalledDir: /usr/bin
Found candidate GCC installation: /usr/lib64/gcc/x86_64-generic-linux/11
Selected GCC installation: /usr/lib64/gcc/x86_64-generic-linux/11
Candidate multilib: .;@m64
Candidate multilib: 32;@m32
Selected multilib: .;@m64
 (in-process)
 "/usr/bin/clang-12" -cc1 -triple x86_64-generic-linux -emit-obj -mrelax-all --mrelax-relocations -disable-free -main-file-name CMakeCXXCompilerABI.cpp -mrelocation-model static -mframe-pointer=all -fmath-errno -fno-rounding-math -mconstructor-aliases -munwind-tables -target-cpu x86-64 -tune-cpu generic -fno-split-dwarf-inlining -debugger-tuning=gdb -v -resource-dir /usr/lib64/clang/12.0.1 -dependency-file CMakeFiles/cmTC_464a4.dir/CMakeCXXCompilerABI.cpp.o.d -MT CMakeFiles/cmTC_464a4.dir/CMakeCXXCompilerABI.cpp.o -sys-header-deps -internal-isystem /usr/lib64/gcc/x86_64-generic-linux/11/../../../../include/c++/11 -internal-isystem /usr/lib64/gcc/x86_64-generic-linux/11/../../../../include/c++/11/x86_64-generic-linux -internal-isystem /usr/lib64/gcc/x86_64-generic-linux/11/../../../../include/c++/11/backward -internal-isystem /usr/local/include -internal-isystem /usr/lib64/clang/12.0.1/include -internal-externc-isystem /include -internal-externc-isystem /usr/include -fdeprecated-macro -fdebug-compilation-dir /builddir/.config/build-untitled-Desktop_Clang-Debug/CMakeFiles/CMakeTmp -ferror-limit 19 -fgnuc-version=4.2.1 -fcxx-exceptions -fexceptions -faddrsig -o CMakeFiles/cmTC_464a4.dir/CMakeCXXCompilerABI.cpp.o -x c++ /usr/share/cmake-3.20/Modules/CMakeCXXCompilerABI.cpp
clang -cc1 version 12.0.1 based upon LLVM 12.0.1 default target x86_64-generic-linux
ignoring nonexistent directory "/usr/local/include"
ignoring nonexistent directory "/include"
#include "..." search starts here:
#include <...> search starts here:
 /usr/lib64/gcc/x86_64-generic-linux/11/../../../../include/c++/11
 /usr/lib64/gcc/x86_64-generic-linux/11/../../../../include/c++/11/x86_64-generic-linux
 /usr/lib64/gcc/x86_64-generic-linux/11/../../../../include/c++/11/backward
 /usr/lib64/clang/12.0.1/include
 /usr/include
End of search list.
Linking CXX executable cmTC_464a4
/usr/bin/cmake -E cmake_link_script CMakeFiles/cmTC_464a4.dir/link.txt --verbose=1
/usr/bin/clang++  -v CMakeFiles/cmTC_464a4.dir/CMakeCXXCompilerABI.cpp.o -o cmTC_464a4 
clang version 12.0.1
Target: x86_64-generic-linux
Thread model: posix
InstalledDir: /usr/bin
Found candidate GCC installation: /usr/lib64/gcc/x86_64-generic-linux/11
Selected GCC installation: /usr/lib64/gcc/x86_64-generic-linux/11
Candidate multilib: .;@m64
Candidate multilib: 32;@m32
Selected multilib: .;@m64
 "/usr/bin/ld.lld" --build-id --eh-frame-hdr -m elf_x86_64 -dynamic-linker /lib64/ld-linux-x86-64.so.2 -o cmTC_464a4 /usr/lib64/gcc/x86_64-generic-linux/11/../../../../lib64/crt1.o /usr/lib64/gcc/x86_64-generic-linux/11/../../../../lib64/crti.o /usr/lib64/gcc/x86_64-generic-linux/11/crtbegin.o -L/usr/lib64/gcc/x86_64-generic-linux/11 -L/usr/lib64/gcc/x86_64-generic-linux/11/../../../../lib64 -L/usr/bin/../lib64 -L/lib/../lib64 -L/usr/lib/../lib64 -L/usr/lib64/gcc/x86_64-generic-linux/11/../../.. -L/usr/bin/../lib -L/lib -L/usr/lib CMakeFiles/cmTC_464a4.dir/CMakeCXXCompilerABI.cpp.o -lstdc++ -lm -lgcc_s -lgcc -lc -lgcc_s -lgcc /usr/lib64/gcc/x86_64-generic-linux/11/crtend.o /usr/lib64/gcc/x86_64-generic-linux/11/../../../../lib64/crtn.o
gmake[1]: Leaving directory '/builddir/.config/build-untitled-Desktop_Clang-Debug/CMakeFiles/CMakeTmp'



Parsed CXX implicit include dir info from above output: rv=done
  found start of include info
  found start of implicit include info
    add: [/usr/lib64/gcc/x86_64-generic-linux/11/../../../../include/c++/11]
    add: [/usr/lib64/gcc/x86_64-generic-linux/11/../../../../include/c++/11/x86_64-generic-linux]
    add: [/usr/lib64/gcc/x86_64-generic-linux/11/../../../../include/c++/11/backward]
    add: [/usr/lib64/clang/12.0.1/include]
    add: [/usr/include]
  end of search list found
  collapse include dir [/usr/lib64/gcc/x86_64-generic-linux/11/../../../../include/c++/11] ==> [/usr/include/c++/11]
  collapse include dir [/usr/lib64/gcc/x86_64-generic-linux/11/../../../../include/c++/11/x86_64-generic-linux] ==> [/usr/include/c++/11/x86_64-generic-linux]
  collapse include dir [/usr/lib64/gcc/x86_64-generic-linux/11/../../../../include/c++/11/backward] ==> [/usr/include/c++/11/backward]
  collapse include dir [/usr/lib64/clang/12.0.1/include] ==> [/usr/lib64/clang/12.0.1/include]
  collapse include dir [/usr/include] ==> [/usr/include]
  implicit include dirs: [/usr/include/c++/11;/usr/include/c++/11/x86_64-generic-linux;/usr/include/c++/11/backward;/usr/lib64/clang/12.0.1/include;/usr/include]


Parsed CXX implicit link information from above output:
  link line regex: [^( *|.*[/\])(ld|CMAKE_LINK_STARTFILE-NOTFOUND|([^/\]+-)?ld|collect2)[^/\]*( |$)]
  ignore line: [Change Dir: /builddir/.config/build-untitled-Desktop_Clang-Debug/CMakeFiles/CMakeTmp]
  ignore line: []
  ignore line: [Run Build Command(s):/usr/bin/gmake -f Makefile cmTC_464a4/fast && /usr/bin/gmake  -f CMakeFiles/cmTC_464a4.dir/build.make CMakeFiles/cmTC_464a4.dir/build]
  ignore line: [gmake[1]: Entering directory '/builddir/.config/build-untitled-Desktop_Clang-Debug/CMakeFiles/CMakeTmp']
  ignore line: [Building CXX object CMakeFiles/cmTC_464a4.dir/CMakeCXXCompilerABI.cpp.o]
  ignore line: [/usr/bin/clang++   -v -MD -MT CMakeFiles/cmTC_464a4.dir/CMakeCXXCompilerABI.cpp.o -MF CMakeFiles/cmTC_464a4.dir/CMakeCXXCompilerABI.cpp.o.d -o CMakeFiles/cmTC_464a4.dir/CMakeCXXCompilerABI.cpp.o -c /usr/share/cmake-3.20/Modules/CMakeCXXCompilerABI.cpp]
  ignore line: [clang version 12.0.1]
  ignore line: [Target: x86_64-generic-linux]
  ignore line: [Thread model: posix]
  ignore line: [InstalledDir: /usr/bin]
  ignore line: [Found candidate GCC installation: /usr/lib64/gcc/x86_64-generic-linux/11]
  ignore line: [Selected GCC installation: /usr/lib64/gcc/x86_64-generic-linux/11]
  ignore line: [Candidate multilib: .]
  ignore line: [@m64]
  ignore line: [Candidate multilib: 32]
  ignore line: [@m32]
  ignore line: [Selected multilib: .]
  ignore line: [@m64]
  ignore line: [ (in-process)]
  ignore line: [ "/usr/bin/clang-12" -cc1 -triple x86_64-generic-linux -emit-obj -mrelax-all --mrelax-relocations -disable-free -main-file-name CMakeCXXCompilerABI.cpp -mrelocation-model static -mframe-pointer=all -fmath-errno -fno-rounding-math -mconstructor-aliases -munwind-tables -target-cpu x86-64 -tune-cpu generic -fno-split-dwarf-inlining -debugger-tuning=gdb -v -resource-dir /usr/lib64/clang/12.0.1 -dependency-file CMakeFiles/cmTC_464a4.dir/CMakeCXXCompilerABI.cpp.o.d -MT CMakeFiles/cmTC_464a4.dir/CMakeCXXCompilerABI.cpp.o -sys-header-deps -internal-isystem /usr/lib64/gcc/x86_64-generic-linux/11/../../../../include/c++/11 -internal-isystem /usr/lib64/gcc/x86_64-generic-linux/11/../../../../include/c++/11/x86_64-generic-linux -internal-isystem /usr/lib64/gcc/x86_64-generic-linux/11/../../../../include/c++/11/backward -internal-isystem /usr/local/include -internal-isystem /usr/lib64/clang/12.0.1/include -internal-externc-isystem /include -internal-externc-isystem /usr/include -fdeprecated-macro -fdebug-compilation-dir /builddir/.config/build-untitled-Desktop_Clang-Debug/CMakeFiles/CMakeTmp -ferror-limit 19 -fgnuc-version=4.2.1 -fcxx-exceptions -fexceptions -faddrsig -o CMakeFiles/cmTC_464a4.dir/CMakeCXXCompilerABI.cpp.o -x c++ /usr/share/cmake-3.20/Modules/CMakeCXXCompilerABI.cpp]
  ignore line: [clang -cc1 version 12.0.1 based upon LLVM 12.0.1 default target x86_64-generic-linux]
  ignore line: [ignoring nonexistent directory "/usr/local/include"]
  ignore line: [ignoring nonexistent directory "/include"]
  ignore line: [#include "..." search starts here:]
  ignore line: [#include <...> search starts here:]
  ignore line: [ /usr/lib64/gcc/x86_64-generic-linux/11/../../../../include/c++/11]
  ignore line: [ /usr/lib64/gcc/x86_64-generic-linux/11/../../../../include/c++/11/x86_64-generic-linux]
  ignore line: [ /usr/lib64/gcc/x86_64-generic-linux/11/../../../../include/c++/11/backward]
  ignore line: [ /usr/lib64/clang/12.0.1/include]
  ignore line: [ /usr/include]
  ignore line: [End of search list.]
  ignore line: [Linking CXX executable cmTC_464a4]
  ignore line: [/usr/bin/cmake -E cmake_link_script CMakeFiles/cmTC_464a4.dir/link.txt --verbose=1]
  ignore line: [/usr/bin/clang++  -v CMakeFiles/cmTC_464a4.dir/CMakeCXXCompilerABI.cpp.o -o cmTC_464a4 ]
  ignore line: [clang version 12.0.1]
  ignore line: [Target: x86_64-generic-linux]
  ignore line: [Thread model: posix]
  ignore line: [InstalledDir: /usr/bin]
  ignore line: [Found candidate GCC installation: /usr/lib64/gcc/x86_64-generic-linux/11]
  ignore line: [Selected GCC installation: /usr/lib64/gcc/x86_64-generic-linux/11]
  ignore line: [Candidate multilib: .]
  ignore line: [@m64]
  ignore line: [Candidate multilib: 32]
  ignore line: [@m32]
  ignore line: [Selected multilib: .]
  ignore line: [@m64]
  link line: [ "/usr/bin/ld.lld" --build-id --eh-frame-hdr -m elf_x86_64 -dynamic-linker /lib64/ld-linux-x86-64.so.2 -o cmTC_464a4 /usr/lib64/gcc/x86_64-generic-linux/11/../../../../lib64/crt1.o /usr/lib64/gcc/x86_64-generic-linux/11/../../../../lib64/crti.o /usr/lib64/gcc/x86_64-generic-linux/11/crtbegin.o -L/usr/lib64/gcc/x86_64-generic-linux/11 -L/usr/lib64/gcc/x86_64-generic-linux/11/../../../../lib64 -L/usr/bin/../lib64 -L/lib/../lib64 -L/usr/lib/../lib64 -L/usr/lib64/gcc/x86_64-generic-linux/11/../../.. -L/usr/bin/../lib -L/lib -L/usr/lib CMakeFiles/cmTC_464a4.dir/CMakeCXXCompilerABI.cpp.o -lstdc++ -lm -lgcc_s -lgcc -lc -lgcc_s -lgcc /usr/lib64/gcc/x86_64-generic-linux/11/crtend.o /usr/lib64/gcc/x86_64-generic-linux/11/../../../../lib64/crtn.o]
    arg [/usr/bin/ld.lld] ==> ignore
    arg [--build-id] ==> ignore
    arg [--eh-frame-hdr] ==> ignore
    arg [-m] ==> ignore
    arg [elf_x86_64] ==> ignore
    arg [-dynamic-linker] ==> ignore
    arg [/lib64/ld-linux-x86-64.so.2] ==> ignore
    arg [-o] ==> ignore
    arg [cmTC_464a4] ==> ignore
    arg [/usr/lib64/gcc/x86_64-generic-linux/11/../../../../lib64/crt1.o] ==> obj [/usr/lib64/gcc/x86_64-generic-linux/11/../../../../lib64/crt1.o]
    arg [/usr/lib64/gcc/x86_64-generic-linux/11/../../../../lib64/crti.o] ==> obj [/usr/lib64/gcc/x86_64-generic-linux/11/../../../../lib64/crti.o]
    arg [/usr/lib64/gcc/x86_64-generic-linux/11/crtbegin.o] ==> obj [/usr/lib64/gcc/x86_64-generic-linux/11/crtbegin.o]
    arg [-L/usr/lib64/gcc/x86_64-generic-linux/11] ==> dir [/usr/lib64/gcc/x86_64-generic-linux/11]
    arg [-L/usr/lib64/gcc/x86_64-generic-linux/11/../../../../lib64] ==> dir [/usr/lib64/gcc/x86_64-generic-linux/11/../../../../lib64]
    arg [-L/usr/bin/../lib64] ==> dir [/usr/bin/../lib64]
    arg [-L/lib/../lib64] ==> dir [/lib/../lib64]
    arg [-L/usr/lib/../lib64] ==> dir [/usr/lib/../lib64]
    arg [-L/usr/lib64/gcc/x86_64-generic-linux/11/../../..] ==> dir [/usr/lib64/gcc/x86_64-generic-linux/11/../../..]
    arg [-L/usr/bin/../lib] ==> dir [/usr/bin/../lib]
    arg [-L/lib] ==> dir [/lib]
    arg [-L/usr/lib] ==> dir [/usr/lib]
    arg [CMakeFiles/cmTC_464a4.dir/CMakeCXXCompilerABI.cpp.o] ==> ignore
    arg [-lstdc++] ==> lib [stdc++]
    arg [-lm] ==> lib [m]
    arg [-lgcc_s] ==> lib [gcc_s]
    arg [-lgcc] ==> lib [gcc]
    arg [-lc] ==> lib [c]
    arg [-lgcc_s] ==> lib [gcc_s]
    arg [-lgcc] ==> lib [gcc]
    arg [/usr/lib64/gcc/x86_64-generic-linux/11/crtend.o] ==> obj [/usr/lib64/gcc/x86_64-generic-linux/11/crtend.o]
    arg [/usr/lib64/gcc/x86_64-generic-linux/11/../../../../lib64/crtn.o] ==> obj [/usr/lib64/gcc/x86_64-generic-linux/11/../../../../lib64/crtn.o]
  collapse obj [/usr/lib64/gcc/x86_64-generic-linux/11/../../../../lib64/crt1.o] ==> [/usr/lib64/crt1.o]
  collapse obj [/usr/lib64/gcc/x86_64-generic-linux/11/../../../../lib64/crti.o] ==> [/usr/lib64/crti.o]
  collapse obj [/usr/lib64/gcc/x86_64-generic-linux/11/../../../../lib64/crtn.o] ==> [/usr/lib64/crtn.o]
  collapse library dir [/usr/lib64/gcc/x86_64-generic-linux/11] ==> [/usr/lib64/gcc/x86_64-generic-linux/11]
  collapse library dir [/usr/lib64/gcc/x86_64-generic-linux/11/../../../../lib64] ==> [/usr/lib64]
  collapse library dir [/usr/bin/../lib64] ==> [/usr/lib64]
  collapse library dir [/lib/../lib64] ==> [/lib64]
  collapse library dir [/usr/lib/../lib64] ==> [/usr/lib64]
  collapse library dir [/usr/lib64/gcc/x86_64-generic-linux/11/../../..] ==> [/usr/lib64]
  collapse library dir [/usr/bin/../lib] ==> [/usr/lib]
  collapse library dir [/lib] ==> [/lib]
  collapse library dir [/usr/lib] ==> [/usr/lib]
  implicit libs: [stdc++;m;gcc_s;gcc;c;gcc_s;gcc]
  implicit objs: [/usr/lib64/crt1.o;/usr/lib64/crti.o;/usr/lib64/gcc/x86_64-generic-linux/11/crtbegin.o;/usr/lib64/gcc/x86_64-generic-linux/11/crtend.o;/usr/lib64/crtn.o]
  implicit dirs: [/usr/lib64/gcc/x86_64-generic-linux/11;/usr/lib64;/lib64;/usr/lib;/lib]
  implicit fwks: []


