The system is: Linux - 5.10.7-1014.native - x86_64
Compiling the CXX compiler identification source file "CMakeCXXCompilerId.cpp" succeeded.
Compiler: /usr/bin/g++ 
Build flags: 
Id flags:  

The output was:
0


Compilation of the CXX compiler identification source "CMakeCXXCompilerId.cpp" produced "a.out"

The CXX compiler identification is GNU, found in "/builddir/untitled/build-untitled-Desktop-Debug/CMakeFiles/3.20.20210325-gc0aa424/CompilerIdCXX/a.out"

Detecting CXX compiler ABI info compiled with the following output:
Change Dir: /builddir/untitled/build-untitled-Desktop-Debug/CMakeFiles/CMakeTmp

Run Build Command(s):/usr/bin/ninja cmTC_b47cc && [1/2] Building CXX object CMakeFiles/cmTC_b47cc.dir/CMakeCXXCompilerABI.cpp.o
Using built-in specs.
COLLECT_GCC=/usr/bin/g++
Target: x86_64-generic-linux
Configured with: ../gcc-10.2.0/configure --prefix=/usr --with-pkgversion='Clear Linux OS for Intel Architecture' --libdir=/usr/lib64 --enable-libstdcxx-pch --libexecdir=/usr/lib64 --with-system-zlib --enable-shared --enable-gnu-indirect-function --disable-vtable-verify --enable-threads=posix --enable-__cxa_atexit --enable-plugin --enable-ld=default --enable-clocale=gnu --disable-multiarch --enable-multilib --enable-lto --disable-werror --enable-linker-build-id --build=x86_64-generic-linux --target=x86_64-generic-linux --enable-languages=c,c++,fortran,go --enable-bootstrap --with-ppl=yes --with-isl --includedir=/usr/include --exec-prefix=/usr --with-glibc-version=2.19 --disable-libunwind-exceptions --with-gnu-ld --with-tune=haswell --with-arch=westmere --enable-cet --disable-libmpx --with-gcc-major-version-only --enable-default-pie
Thread model: posix
Supported LTO compression algorithms: zlib
gcc version 10.2.1 20210324 releases/gcc-10.2.0-1013-g592388d4f6 (Clear Linux OS for Intel Architecture) 
COLLECT_GCC_OPTIONS='-v' '-o' 'CMakeFiles/cmTC_b47cc.dir/CMakeCXXCompilerABI.cpp.o' '-c' '-shared-libgcc' '-mtune=haswell' '-march=westmere'
 /usr/lib64/gcc/x86_64-generic-linux/10/cc1plus -quiet -v -D_GNU_SOURCE /usr/share/cmake-3.20/Modules/CMakeCXXCompilerABI.cpp -quiet -dumpbase CMakeCXXCompilerABI.cpp -mtune=haswell -march=westmere -auxbase-strip CMakeFiles/cmTC_b47cc.dir/CMakeCXXCompilerABI.cpp.o -version -o /tmp/cctMBihF.s
GNU C++14 (Clear Linux OS for Intel Architecture) version 10.2.1 20210324 releases/gcc-10.2.0-1013-g592388d4f6 (x86_64-generic-linux)
	compiled by GNU C version 10.2.1 20210324 releases/gcc-10.2.0-1013-g592388d4f6, GMP version 6.2.1, MPFR version 4.1.0, MPC version 1.2.1, isl version isl-0.16.1-GMP

GGC heuristics: --param ggc-min-expand=100 --param ggc-min-heapsize=131072
ignoring nonexistent directory "/usr/local/include"
ignoring nonexistent directory "/usr/lib64/gcc/x86_64-generic-linux/10/../../../../x86_64-generic-linux/include"
#include "..." search starts here:
#include <...> search starts here:
 /usr/lib64/gcc/x86_64-generic-linux/10/../../../../include/c++/10
 /usr/lib64/gcc/x86_64-generic-linux/10/../../../../include/c++/10/x86_64-generic-linux
 /usr/lib64/gcc/x86_64-generic-linux/10/../../../../include/c++/10/backward
 /usr/lib64/gcc/x86_64-generic-linux/10/include
 /usr/lib64/gcc/x86_64-generic-linux/10/include-fixed
 /usr/include
End of search list.
GNU C++14 (Clear Linux OS for Intel Architecture) version 10.2.1 20210324 releases/gcc-10.2.0-1013-g592388d4f6 (x86_64-generic-linux)
	compiled by GNU C version 10.2.1 20210324 releases/gcc-10.2.0-1013-g592388d4f6, GMP version 6.2.1, MPFR version 4.1.0, MPC version 1.2.1, isl version isl-0.16.1-GMP

GGC heuristics: --param ggc-min-expand=100 --param ggc-min-heapsize=131072
Compiler executable checksum: 675f1035f2082aa2523bf236b3873200
COLLECT_GCC_OPTIONS='-v' '-o' 'CMakeFiles/cmTC_b47cc.dir/CMakeCXXCompilerABI.cpp.o' '-c' '-shared-libgcc' '-mtune=haswell' '-march=westmere'
 as -v --64 -o CMakeFiles/cmTC_b47cc.dir/CMakeCXXCompilerABI.cpp.o /tmp/cctMBihF.s
GNU assembler version 2.36.1 (x86_64-generic-linux) using BFD version (GNU Binutils) 2.36.1.20190203
COMPILER_PATH=/usr/lib64/gcc/x86_64-generic-linux/10/:/usr/lib64/gcc/x86_64-generic-linux/10/:/usr/lib64/gcc/x86_64-generic-linux/:/usr/lib64/gcc/x86_64-generic-linux/10/:/usr/lib64/gcc/x86_64-generic-linux/
LIBRARY_PATH=/usr/lib64/gcc/x86_64-generic-linux/10/:/usr/lib64/gcc/x86_64-generic-linux/10/../../../../lib64/:/lib/../lib64/:/usr/lib/../lib64/:/usr/lib64/gcc/x86_64-generic-linux/10/../../../:/lib/:/usr/lib/
COLLECT_GCC_OPTIONS='-v' '-o' 'CMakeFiles/cmTC_b47cc.dir/CMakeCXXCompilerABI.cpp.o' '-c' '-shared-libgcc' '-mtune=haswell' '-march=westmere'
[2/2] Linking CXX executable cmTC_b47cc
Using built-in specs.
COLLECT_GCC=/usr/bin/g++
COLLECT_LTO_WRAPPER=/usr/lib64/gcc/x86_64-generic-linux/10/lto-wrapper
Target: x86_64-generic-linux
Configured with: ../gcc-10.2.0/configure --prefix=/usr --with-pkgversion='Clear Linux OS for Intel Architecture' --libdir=/usr/lib64 --enable-libstdcxx-pch --libexecdir=/usr/lib64 --with-system-zlib --enable-shared --enable-gnu-indirect-function --disable-vtable-verify --enable-threads=posix --enable-__cxa_atexit --enable-plugin --enable-ld=default --enable-clocale=gnu --disable-multiarch --enable-multilib --enable-lto --disable-werror --enable-linker-build-id --build=x86_64-generic-linux --target=x86_64-generic-linux --enable-languages=c,c++,fortran,go --enable-bootstrap --with-ppl=yes --with-isl --includedir=/usr/include --exec-prefix=/usr --with-glibc-version=2.19 --disable-libunwind-exceptions --with-gnu-ld --with-tune=haswell --with-arch=westmere --enable-cet --disable-libmpx --with-gcc-major-version-only --enable-default-pie
Thread model: posix
Supported LTO compression algorithms: zlib
gcc version 10.2.1 20210324 releases/gcc-10.2.0-1013-g592388d4f6 (Clear Linux OS for Intel Architecture) 
COMPILER_PATH=/usr/lib64/gcc/x86_64-generic-linux/10/:/usr/lib64/gcc/x86_64-generic-linux/10/:/usr/lib64/gcc/x86_64-generic-linux/:/usr/lib64/gcc/x86_64-generic-linux/10/:/usr/lib64/gcc/x86_64-generic-linux/
LIBRARY_PATH=/usr/lib64/gcc/x86_64-generic-linux/10/:/usr/lib64/gcc/x86_64-generic-linux/10/../../../../lib64/:/lib/../lib64/:/usr/lib/../lib64/:/usr/lib64/gcc/x86_64-generic-linux/10/../../../:/lib/:/usr/lib/
COLLECT_GCC_OPTIONS='-ffast-math' '-O2' '--param=lto-max-streaming-parallelism=16' '-march=native' '-mtune=native' '-Wall' '-falign-functions=32' '-flimit-function-alignment' '-fasynchronous-unwind-tables' '-fdevirtualize-at-ltrans' '-floop-nest-optimize' '-fno-math-errno' '-fno-semantic-interposition' '-fstack-protector' '-fno-trapping-math' '-ftree-loop-distribute-patterns' '-ftree-loop-vectorize' '-ftree-vectorize' '-funroll-loops' '-fuse-ld=bfd' '-fuse-linker-plugin' '-malign-data=cacheline' '-feliminate-unused-debug-types' '-flto=16' '-Wno-error' '-pipe' '-fno-plt' '-ffat-lto-objects' '-fPIC' '-fprofile-generate=/var/tmp/pgo' '-fprofile-dir=/var/tmp/pgo' '-fprofile-abs-path' '-fprofile-update=atomic' '-fprofile-arcs' '-ftest-coverage' '-coverage' '-fprofile-partial-training' '-v' '-o' 'cmTC_b47cc' '-shared-libgcc'
 /usr/lib64/gcc/x86_64-generic-linux/10/collect2 -plugin /usr/lib64/gcc/x86_64-generic-linux/10/liblto_plugin.so -plugin-opt=/usr/lib64/gcc/x86_64-generic-linux/10/lto-wrapper -plugin-opt=-fresolution=/tmp/ccf5hnp1.res -plugin-opt=-pass-through=-lgcc_s -plugin-opt=-pass-through=-lgcc -plugin-opt=-pass-through=-lc -plugin-opt=-pass-through=-lgcc_s -plugin-opt=-pass-through=-lgcc -flto=16 --build-id --eh-frame-hdr -m elf_x86_64 -dynamic-linker /lib64/ld-linux-x86-64.so.2 -pie -z now -fuse-ld=bfd -o cmTC_b47cc /usr/lib64/gcc/x86_64-generic-linux/10/../../../../lib64/Scrt1.o /usr/lib64/gcc/x86_64-generic-linux/10/../../../../lib64/crti.o /usr/lib64/gcc/x86_64-generic-linux/10/crtbeginS.o -L/usr/lib64/gcc/x86_64-generic-linux/10 -L/usr/lib64/gcc/x86_64-generic-linux/10/../../../../lib64 -L/lib/../lib64 -L/usr/lib/../lib64 -L/usr/lib64/gcc/x86_64-generic-linux/10/../../.. --no-as-needed --enable-new-dtags -O2 -z now -z relro -sort-common CMakeFiles/cmTC_b47cc.dir/CMakeCXXCompilerABI.cpp.o -lstdc++ -lm -lgcov -lgcc_s -lgcc -lc -lgcc_s -lgcc /usr/lib64/gcc/x86_64-generic-linux/10/crtfastmath.o /usr/lib64/gcc/x86_64-generic-linux/10/crtendS.o /usr/lib64/gcc/x86_64-generic-linux/10/../../../../lib64/crtn.o
COLLECT_GCC_OPTIONS='-ffast-math' '-O2' '--param=lto-max-streaming-parallelism=16' '-march=native' '-mtune=native' '-Wall' '-falign-functions=32' '-flimit-function-alignment' '-fasynchronous-unwind-tables' '-fdevirtualize-at-ltrans' '-floop-nest-optimize' '-fno-math-errno' '-fno-semantic-interposition' '-fstack-protector' '-fno-trapping-math' '-ftree-loop-distribute-patterns' '-ftree-loop-vectorize' '-ftree-vectorize' '-funroll-loops' '-fuse-ld=bfd' '-fuse-linker-plugin' '-malign-data=cacheline' '-feliminate-unused-debug-types' '-flto=16' '-Wno-error' '-pipe' '-fno-plt' '-ffat-lto-objects' '-fPIC' '-fprofile-generate=/var/tmp/pgo' '-fprofile-dir=/var/tmp/pgo' '-fprofile-abs-path' '-fprofile-update=atomic' '-fprofile-arcs' '-ftest-coverage' '-coverage' '-fprofile-partial-training' '-v' '-o' 'cmTC_b47cc' '-shared-libgcc'



Parsed CXX implicit include dir info from above output: rv=done
  found start of include info
  found start of implicit include info
    add: [/usr/lib64/gcc/x86_64-generic-linux/10/../../../../include/c++/10]
    add: [/usr/lib64/gcc/x86_64-generic-linux/10/../../../../include/c++/10/x86_64-generic-linux]
    add: [/usr/lib64/gcc/x86_64-generic-linux/10/../../../../include/c++/10/backward]
    add: [/usr/lib64/gcc/x86_64-generic-linux/10/include]
    add: [/usr/lib64/gcc/x86_64-generic-linux/10/include-fixed]
    add: [/usr/include]
  end of search list found
  collapse include dir [/usr/lib64/gcc/x86_64-generic-linux/10/../../../../include/c++/10] ==> [/usr/include/c++/10]
  collapse include dir [/usr/lib64/gcc/x86_64-generic-linux/10/../../../../include/c++/10/x86_64-generic-linux] ==> [/usr/include/c++/10/x86_64-generic-linux]
  collapse include dir [/usr/lib64/gcc/x86_64-generic-linux/10/../../../../include/c++/10/backward] ==> [/usr/include/c++/10/backward]
  collapse include dir [/usr/lib64/gcc/x86_64-generic-linux/10/include] ==> [/usr/lib64/gcc/x86_64-generic-linux/10/include]
  collapse include dir [/usr/lib64/gcc/x86_64-generic-linux/10/include-fixed] ==> [/usr/lib64/gcc/x86_64-generic-linux/10/include-fixed]
  collapse include dir [/usr/include] ==> [/usr/include]
  implicit include dirs: [/usr/include/c++/10;/usr/include/c++/10/x86_64-generic-linux;/usr/include/c++/10/backward;/usr/lib64/gcc/x86_64-generic-linux/10/include;/usr/lib64/gcc/x86_64-generic-linux/10/include-fixed;/usr/include]


Parsed CXX implicit link information from above output:
  link line regex: [^( *|.*[/\])(ld|CMAKE_LINK_STARTFILE-NOTFOUND|([^/\]+-)?ld|collect2)[^/\]*( |$)]
  ignore line: [Change Dir: /builddir/untitled/build-untitled-Desktop-Debug/CMakeFiles/CMakeTmp]
  ignore line: []
  ignore line: [Run Build Command(s):/usr/bin/ninja cmTC_b47cc && [1/2] Building CXX object CMakeFiles/cmTC_b47cc.dir/CMakeCXXCompilerABI.cpp.o]
  ignore line: [Using built-in specs.]
  ignore line: [COLLECT_GCC=/usr/bin/g++]
  ignore line: [Target: x86_64-generic-linux]
  ignore line: [Configured with: ../gcc-10.2.0/configure --prefix=/usr --with-pkgversion='Clear Linux OS for Intel Architecture' --libdir=/usr/lib64 --enable-libstdcxx-pch --libexecdir=/usr/lib64 --with-system-zlib --enable-shared --enable-gnu-indirect-function --disable-vtable-verify --enable-threads=posix --enable-__cxa_atexit --enable-plugin --enable-ld=default --enable-clocale=gnu --disable-multiarch --enable-multilib --enable-lto --disable-werror --enable-linker-build-id --build=x86_64-generic-linux --target=x86_64-generic-linux --enable-languages=c,c++,fortran,go --enable-bootstrap --with-ppl=yes --with-isl --includedir=/usr/include --exec-prefix=/usr --with-glibc-version=2.19 --disable-libunwind-exceptions --with-gnu-ld --with-tune=haswell --with-arch=westmere --enable-cet --disable-libmpx --with-gcc-major-version-only --enable-default-pie]
  ignore line: [Thread model: posix]
  ignore line: [Supported LTO compression algorithms: zlib]
  ignore line: [gcc version 10.2.1 20210324 releases/gcc-10.2.0-1013-g592388d4f6 (Clear Linux OS for Intel Architecture) ]
  ignore line: [COLLECT_GCC_OPTIONS='-v' '-o' 'CMakeFiles/cmTC_b47cc.dir/CMakeCXXCompilerABI.cpp.o' '-c' '-shared-libgcc' '-mtune=haswell' '-march=westmere']
  ignore line: [ /usr/lib64/gcc/x86_64-generic-linux/10/cc1plus -quiet -v -D_GNU_SOURCE /usr/share/cmake-3.20/Modules/CMakeCXXCompilerABI.cpp -quiet -dumpbase CMakeCXXCompilerABI.cpp -mtune=haswell -march=westmere -auxbase-strip CMakeFiles/cmTC_b47cc.dir/CMakeCXXCompilerABI.cpp.o -version -o /tmp/cctMBihF.s]
  ignore line: [GNU C++14 (Clear Linux OS for Intel Architecture) version 10.2.1 20210324 releases/gcc-10.2.0-1013-g592388d4f6 (x86_64-generic-linux)]
  ignore line: [	compiled by GNU C version 10.2.1 20210324 releases/gcc-10.2.0-1013-g592388d4f6  GMP version 6.2.1  MPFR version 4.1.0  MPC version 1.2.1  isl version isl-0.16.1-GMP]
  ignore line: []
  ignore line: [GGC heuristics: --param ggc-min-expand=100 --param ggc-min-heapsize=131072]
  ignore line: [ignoring nonexistent directory "/usr/local/include"]
  ignore line: [ignoring nonexistent directory "/usr/lib64/gcc/x86_64-generic-linux/10/../../../../x86_64-generic-linux/include"]
  ignore line: [#include "..." search starts here:]
  ignore line: [#include <...> search starts here:]
  ignore line: [ /usr/lib64/gcc/x86_64-generic-linux/10/../../../../include/c++/10]
  ignore line: [ /usr/lib64/gcc/x86_64-generic-linux/10/../../../../include/c++/10/x86_64-generic-linux]
  ignore line: [ /usr/lib64/gcc/x86_64-generic-linux/10/../../../../include/c++/10/backward]
  ignore line: [ /usr/lib64/gcc/x86_64-generic-linux/10/include]
  ignore line: [ /usr/lib64/gcc/x86_64-generic-linux/10/include-fixed]
  ignore line: [ /usr/include]
  ignore line: [End of search list.]
  ignore line: [GNU C++14 (Clear Linux OS for Intel Architecture) version 10.2.1 20210324 releases/gcc-10.2.0-1013-g592388d4f6 (x86_64-generic-linux)]
  ignore line: [	compiled by GNU C version 10.2.1 20210324 releases/gcc-10.2.0-1013-g592388d4f6  GMP version 6.2.1  MPFR version 4.1.0  MPC version 1.2.1  isl version isl-0.16.1-GMP]
  ignore line: []
  ignore line: [GGC heuristics: --param ggc-min-expand=100 --param ggc-min-heapsize=131072]
  ignore line: [Compiler executable checksum: 675f1035f2082aa2523bf236b3873200]
  ignore line: [COLLECT_GCC_OPTIONS='-v' '-o' 'CMakeFiles/cmTC_b47cc.dir/CMakeCXXCompilerABI.cpp.o' '-c' '-shared-libgcc' '-mtune=haswell' '-march=westmere']
  ignore line: [ as -v --64 -o CMakeFiles/cmTC_b47cc.dir/CMakeCXXCompilerABI.cpp.o /tmp/cctMBihF.s]
  ignore line: [GNU assembler version 2.36.1 (x86_64-generic-linux) using BFD version (GNU Binutils) 2.36.1.20190203]
  ignore line: [COMPILER_PATH=/usr/lib64/gcc/x86_64-generic-linux/10/:/usr/lib64/gcc/x86_64-generic-linux/10/:/usr/lib64/gcc/x86_64-generic-linux/:/usr/lib64/gcc/x86_64-generic-linux/10/:/usr/lib64/gcc/x86_64-generic-linux/]
  ignore line: [LIBRARY_PATH=/usr/lib64/gcc/x86_64-generic-linux/10/:/usr/lib64/gcc/x86_64-generic-linux/10/../../../../lib64/:/lib/../lib64/:/usr/lib/../lib64/:/usr/lib64/gcc/x86_64-generic-linux/10/../../../:/lib/:/usr/lib/]
  ignore line: [COLLECT_GCC_OPTIONS='-v' '-o' 'CMakeFiles/cmTC_b47cc.dir/CMakeCXXCompilerABI.cpp.o' '-c' '-shared-libgcc' '-mtune=haswell' '-march=westmere']
  ignore line: [[2/2] Linking CXX executable cmTC_b47cc]
  ignore line: [Using built-in specs.]
  ignore line: [COLLECT_GCC=/usr/bin/g++]
  ignore line: [COLLECT_LTO_WRAPPER=/usr/lib64/gcc/x86_64-generic-linux/10/lto-wrapper]
  ignore line: [Target: x86_64-generic-linux]
  ignore line: [Configured with: ../gcc-10.2.0/configure --prefix=/usr --with-pkgversion='Clear Linux OS for Intel Architecture' --libdir=/usr/lib64 --enable-libstdcxx-pch --libexecdir=/usr/lib64 --with-system-zlib --enable-shared --enable-gnu-indirect-function --disable-vtable-verify --enable-threads=posix --enable-__cxa_atexit --enable-plugin --enable-ld=default --enable-clocale=gnu --disable-multiarch --enable-multilib --enable-lto --disable-werror --enable-linker-build-id --build=x86_64-generic-linux --target=x86_64-generic-linux --enable-languages=c,c++,fortran,go --enable-bootstrap --with-ppl=yes --with-isl --includedir=/usr/include --exec-prefix=/usr --with-glibc-version=2.19 --disable-libunwind-exceptions --with-gnu-ld --with-tune=haswell --with-arch=westmere --enable-cet --disable-libmpx --with-gcc-major-version-only --enable-default-pie]
  ignore line: [Thread model: posix]
  ignore line: [Supported LTO compression algorithms: zlib]
  ignore line: [gcc version 10.2.1 20210324 releases/gcc-10.2.0-1013-g592388d4f6 (Clear Linux OS for Intel Architecture) ]
  ignore line: [COMPILER_PATH=/usr/lib64/gcc/x86_64-generic-linux/10/:/usr/lib64/gcc/x86_64-generic-linux/10/:/usr/lib64/gcc/x86_64-generic-linux/:/usr/lib64/gcc/x86_64-generic-linux/10/:/usr/lib64/gcc/x86_64-generic-linux/]
  ignore line: [LIBRARY_PATH=/usr/lib64/gcc/x86_64-generic-linux/10/:/usr/lib64/gcc/x86_64-generic-linux/10/../../../../lib64/:/lib/../lib64/:/usr/lib/../lib64/:/usr/lib64/gcc/x86_64-generic-linux/10/../../../:/lib/:/usr/lib/]
  ignore line: [COLLECT_GCC_OPTIONS='-ffast-math' '-O2' '--param=lto-max-streaming-parallelism=16' '-march=native' '-mtune=native' '-Wall' '-falign-functions=32' '-flimit-function-alignment' '-fasynchronous-unwind-tables' '-fdevirtualize-at-ltrans' '-floop-nest-optimize' '-fno-math-errno' '-fno-semantic-interposition' '-fstack-protector' '-fno-trapping-math' '-ftree-loop-distribute-patterns' '-ftree-loop-vectorize' '-ftree-vectorize' '-funroll-loops' '-fuse-ld=bfd' '-fuse-linker-plugin' '-malign-data=cacheline' '-feliminate-unused-debug-types' '-flto=16' '-Wno-error' '-pipe' '-fno-plt' '-ffat-lto-objects' '-fPIC' '-fprofile-generate=/var/tmp/pgo' '-fprofile-dir=/var/tmp/pgo' '-fprofile-abs-path' '-fprofile-update=atomic' '-fprofile-arcs' '-ftest-coverage' '-coverage' '-fprofile-partial-training' '-v' '-o' 'cmTC_b47cc' '-shared-libgcc']
  link line: [ /usr/lib64/gcc/x86_64-generic-linux/10/collect2 -plugin /usr/lib64/gcc/x86_64-generic-linux/10/liblto_plugin.so -plugin-opt=/usr/lib64/gcc/x86_64-generic-linux/10/lto-wrapper -plugin-opt=-fresolution=/tmp/ccf5hnp1.res -plugin-opt=-pass-through=-lgcc_s -plugin-opt=-pass-through=-lgcc -plugin-opt=-pass-through=-lc -plugin-opt=-pass-through=-lgcc_s -plugin-opt=-pass-through=-lgcc -flto=16 --build-id --eh-frame-hdr -m elf_x86_64 -dynamic-linker /lib64/ld-linux-x86-64.so.2 -pie -z now -fuse-ld=bfd -o cmTC_b47cc /usr/lib64/gcc/x86_64-generic-linux/10/../../../../lib64/Scrt1.o /usr/lib64/gcc/x86_64-generic-linux/10/../../../../lib64/crti.o /usr/lib64/gcc/x86_64-generic-linux/10/crtbeginS.o -L/usr/lib64/gcc/x86_64-generic-linux/10 -L/usr/lib64/gcc/x86_64-generic-linux/10/../../../../lib64 -L/lib/../lib64 -L/usr/lib/../lib64 -L/usr/lib64/gcc/x86_64-generic-linux/10/../../.. --no-as-needed --enable-new-dtags -O2 -z now -z relro -sort-common CMakeFiles/cmTC_b47cc.dir/CMakeCXXCompilerABI.cpp.o -lstdc++ -lm -lgcov -lgcc_s -lgcc -lc -lgcc_s -lgcc /usr/lib64/gcc/x86_64-generic-linux/10/crtfastmath.o /usr/lib64/gcc/x86_64-generic-linux/10/crtendS.o /usr/lib64/gcc/x86_64-generic-linux/10/../../../../lib64/crtn.o]
    arg [/usr/lib64/gcc/x86_64-generic-linux/10/collect2] ==> ignore
    arg [-plugin] ==> ignore
    arg [/usr/lib64/gcc/x86_64-generic-linux/10/liblto_plugin.so] ==> ignore
    arg [-plugin-opt=/usr/lib64/gcc/x86_64-generic-linux/10/lto-wrapper] ==> ignore
    arg [-plugin-opt=-fresolution=/tmp/ccf5hnp1.res] ==> ignore
    arg [-plugin-opt=-pass-through=-lgcc_s] ==> ignore
    arg [-plugin-opt=-pass-through=-lgcc] ==> ignore
    arg [-plugin-opt=-pass-through=-lc] ==> ignore
    arg [-plugin-opt=-pass-through=-lgcc_s] ==> ignore
    arg [-plugin-opt=-pass-through=-lgcc] ==> ignore
    arg [-flto=16] ==> ignore
    arg [--build-id] ==> ignore
    arg [--eh-frame-hdr] ==> ignore
    arg [-m] ==> ignore
    arg [elf_x86_64] ==> ignore
    arg [-dynamic-linker] ==> ignore
    arg [/lib64/ld-linux-x86-64.so.2] ==> ignore
    arg [-pie] ==> ignore
    arg [-znow] ==> ignore
    arg [-fuse-ld=bfd] ==> ignore
    arg [-o] ==> ignore
    arg [cmTC_b47cc] ==> ignore
    arg [/usr/lib64/gcc/x86_64-generic-linux/10/../../../../lib64/Scrt1.o] ==> ignore
    arg [/usr/lib64/gcc/x86_64-generic-linux/10/../../../../lib64/crti.o] ==> ignore
    arg [/usr/lib64/gcc/x86_64-generic-linux/10/crtbeginS.o] ==> ignore
    arg [-L/usr/lib64/gcc/x86_64-generic-linux/10] ==> dir [/usr/lib64/gcc/x86_64-generic-linux/10]
    arg [-L/usr/lib64/gcc/x86_64-generic-linux/10/../../../../lib64] ==> dir [/usr/lib64/gcc/x86_64-generic-linux/10/../../../../lib64]
    arg [-L/lib/../lib64] ==> dir [/lib/../lib64]
    arg [-L/usr/lib/../lib64] ==> dir [/usr/lib/../lib64]
    arg [-L/usr/lib64/gcc/x86_64-generic-linux/10/../../..] ==> dir [/usr/lib64/gcc/x86_64-generic-linux/10/../../..]
    arg [--no-as-needed] ==> ignore
    arg [--enable-new-dtags] ==> ignore
    arg [-O2] ==> ignore
    arg [-znow] ==> ignore
    arg [-zrelro] ==> ignore
    arg [-sort-common] ==> ignore
    arg [CMakeFiles/cmTC_b47cc.dir/CMakeCXXCompilerABI.cpp.o] ==> ignore
    arg [-lstdc++] ==> lib [stdc++]
    arg [-lm] ==> lib [m]
    arg [-lgcov] ==> lib [gcov]
    arg [-lgcc_s] ==> lib [gcc_s]
    arg [-lgcc] ==> lib [gcc]
    arg [-lc] ==> lib [c]
    arg [-lgcc_s] ==> lib [gcc_s]
    arg [-lgcc] ==> lib [gcc]
    arg [/usr/lib64/gcc/x86_64-generic-linux/10/crtfastmath.o] ==> ignore
    arg [/usr/lib64/gcc/x86_64-generic-linux/10/crtendS.o] ==> ignore
    arg [/usr/lib64/gcc/x86_64-generic-linux/10/../../../../lib64/crtn.o] ==> ignore
  collapse library dir [/usr/lib64/gcc/x86_64-generic-linux/10] ==> [/usr/lib64/gcc/x86_64-generic-linux/10]
  collapse library dir [/usr/lib64/gcc/x86_64-generic-linux/10/../../../../lib64] ==> [/usr/lib64]
  collapse library dir [/lib/../lib64] ==> [/lib64]
  collapse library dir [/usr/lib/../lib64] ==> [/usr/lib64]
  collapse library dir [/usr/lib64/gcc/x86_64-generic-linux/10/../../..] ==> [/usr/lib64]
  implicit libs: [stdc++;m;gcov;gcc_s;gcc;c;gcc_s;gcc]
  implicit dirs: [/usr/lib64/gcc/x86_64-generic-linux/10;/usr/lib64;/lib64]
  implicit fwks: []


